<?xml version="1.0" encoding="UTF-8"?>
<!-- Generated by org.testng.reporters.JUnitReportReporter -->
<testsuite hostname="DESKTOP-9R07MD8" failures="0" tests="4" name="com.qa.opencart.tests.LoginPageTest" time="5.618" errors="0" timestamp="2025-03-25T23:41:05 IST" skipped="0">
  <testcase classname="com.qa.opencart.tests.LoginPageTest" name="PageTitleTest" time="0.646"/>
  <system-out/>
  <testcase classname="com.qa.opencart.tests.LoginPageTest" name="PageUrlTest" time="0.530"/>
  <system-out/>
  <testcase classname="com.qa.opencart.tests.LoginPageTest" name="PageForgotPwdTest" time="1.093"/>
  <system-out/>
  <testcase classname="com.qa.opencart.tests.LoginPageTest" name="LoginTest" time="3.349"/>
  <system-out/>
</testsuite> <!-- com.qa.opencart.tests.LoginPageTest -->
