<?xml version="1.0" encoding="UTF-8"?>
<!-- Generated by org.testng.reporters.JUnitReportReporter -->
<testsuite hostname="DESKTOP-9R07MD8" failures="0" tests="4" name="com.qa.opencart.tests.LoginPageTest" time="2.084" errors="0" timestamp="2025-03-18T23:27:17 IST" skipped="0">
  <testcase classname="com.qa.opencart.tests.LoginPageTest" name="PageTitleTest" time="0.746"/>
  <system-out/>
  <testcase classname="com.qa.opencart.tests.LoginPageTest" name="PageUrlTest" time="0.041"/>
  <system-out/>
  <testcase classname="com.qa.opencart.tests.LoginPageTest" name="PageForgotPwdTest" time="0.098"/>
  <system-out/>
  <testcase classname="com.qa.opencart.tests.LoginPageTest" name="LoginTest" time="1.199"/>
  <system-out/>
</testsuite> <!-- com.qa.opencart.tests.LoginPageTest -->
