<?xml version="1.0" encoding="UTF-8"?>
<!-- Generated by org.testng.reporters.JUnitReportReporter -->
<testsuite hostname="DESKTOP-9R07MD8" failures="0" tests="4" name="com.qa.opencart.tests.LoginPageTest" time="3.541" errors="0" timestamp="2025-03-18T20:21:21 IST" skipped="0">
  <testcase classname="com.qa.opencart.tests.LoginPageTest" name="PageTitleTest" time="0.138"/>
  <testcase classname="com.qa.opencart.tests.LoginPageTest" name="PageUrlTest" time="0.040"/>
  <testcase classname="com.qa.opencart.tests.LoginPageTest" name="PageForgotPwdTest" time="0.081"/>
  <testcase classname="com.qa.opencart.tests.LoginPageTest" name="LoginTest" time="3.282"/>
</testsuite> <!-- com.qa.opencart.tests.LoginPageTest -->
