<?xml version="1.0" encoding="UTF-8"?>
<!-- Generated by org.testng.reporters.JUnitReportReporter -->
<testsuite hostname="DESKTOP-9R07MD8" failures="0" tests="4" name="com.qa.opencart.tests.LoginPageTest" time="4.105" errors="0" timestamp="2025-03-25T16:45:46 IST" skipped="0">
  <testcase classname="com.qa.opencart.tests.LoginPageTest" name="PageTitleTest" time="0.707"/>
  <system-out/>
  <testcase classname="com.qa.opencart.tests.LoginPageTest" name="PageUrlTest" time="0.366"/>
  <system-out/>
  <testcase classname="com.qa.opencart.tests.LoginPageTest" name="PageForgotPwdTest" time="0.277"/>
  <system-out/>
  <testcase classname="com.qa.opencart.tests.LoginPageTest" name="LoginTest" time="2.755"/>
  <system-out/>
</testsuite> <!-- com.qa.opencart.tests.LoginPageTest -->
